<?xml version="1.0" encoding="UTF-8"?>
<!-- Generated by org.testng.reporters.JUnitReportReporter -->
<testsuite hostname="DESKTOP-IF4926E" failures="0" tests="1" name="com.qa.freecrm.testcases.LoginPageTest" time="12.456" errors="0" timestamp="2022-10-28T17:06:36 IST" skipped="0">
  <testcase classname="com.qa.freecrm.testcases.LoginPageTest" name="loginTest" time="12.456"/>
  <system-out/>
</testsuite> <!-- com.qa.freecrm.testcases.LoginPageTest -->
