<?xml version="1.0" encoding="UTF-8"?>
<!-- Generated by org.testng.reporters.JUnitReportReporter -->
<testsuite hostname="DESKTOP-IF4926E" failures="0" tests="1" name="com.qa.freecrm.testcases.LoginPageTest" time="11.973" errors="0" timestamp="2022-11-02T21:01:31 IST" skipped="0">
  <testcase classname="com.qa.freecrm.testcases.LoginPageTest" name="loginTest" time="11.973"/>
  <system-out/>
</testsuite> <!-- com.qa.freecrm.testcases.LoginPageTest -->
