<?xml version="1.0" encoding="UTF-8"?>
<!-- Generated by org.testng.reporters.JUnitReportReporter -->
<testsuite hostname="DESKTOP-IF4926E" failures="0" tests="2" name="com.qa.freecrm.testcases.HomePageTest" time="33.830" errors="0" timestamp="2022-11-08T14:19:01 IST" skipped="0">
  <testcase classname="com.qa.freecrm.testcases.HomePageTest" name="verifyHomePageTitleTest" time="11.020"/>
  <system-out/>
  <testcase classname="com.qa.freecrm.testcases.HomePageTest" name="addContactsLandingPageTest" time="22.810"/>
  <system-out/>
</testsuite> <!-- com.qa.freecrm.testcases.HomePageTest -->
