<?xml version="1.0" encoding="UTF-8"?>
<!-- Generated by org.testng.reporters.JUnitReportReporter -->
<testsuite hostname="DESKTOP-IF4926E" failures="0" tests="2" name="com.qa.freecrm.testcases.HomePageTest" time="37.220" errors="0" timestamp="2022-11-02T19:51:01 IST" skipped="0">
  <testcase classname="com.qa.freecrm.testcases.HomePageTest" name="verifyHomePageTitleTest" time="11.881"/>
  <system-out/>
  <testcase classname="com.qa.freecrm.testcases.HomePageTest" name="addContactsLandingPageTest" time="25.339"/>
  <system-out/>
</testsuite> <!-- com.qa.freecrm.testcases.HomePageTest -->
