<?xml version="1.0" encoding="UTF-8"?>
<!-- Generated by org.testng.reporters.JUnitReportReporter -->
<testsuite hostname="DESKTOP-IF4926E" failures="0" tests="1" name="com.qa.freecrm.testcases.LoginPageTest" time="24.534" errors="0" timestamp="2022-11-08T14:19:01 IST" skipped="0">
  <testcase classname="com.qa.freecrm.testcases.LoginPageTest" name="loginTest" time="24.534"/>
  <system-out/>
</testsuite> <!-- com.qa.freecrm.testcases.LoginPageTest -->
